# JRE version: OpenJDK Runtime Environment Temurin-21.0.9+10 (21.0.9+10) (build 21.0.9+10-LTS)
# Java VM: OpenJDK 64-Bit Server VM Temurin-21.0.9+10 (21.0.9+10-LTS, mixed mode, sharing, tiered, compressed oops, compressed class ptrs, parallel gc, windows-amd64)
GC Precious Log:
 CardTable entry size: 512
 CPUs: 16 total, 16 available
 Memory: 15697M
 Large Page Support: Disabled
 NUMA Support: Disabled
 Compressed Oops: Enabled (32-bit)
 Alignments: Space 512K, Generation 512K, Heap 2M
 Heap Min Capacity: 100M
 Heap Initial Capacity: 100M
 Heap Max Capacity: 2G
 Pre-touch: Disabled
 Parallel Workers: 13
Heap:
 PSYoungGen      total 8704K, used 8333K [0x00000000d5580000, 0x00000000d6000000, 0x0000000100000000)
  eden space 6656K, 100% used [0x00000000d5580000,0x00000000d5c00000,0x00000000d5c00000)
  from space 2048K, 81% used [0x00000000d5d00000,0x00000000d5ea3668,0x00000000d5f00000)
  to   space 1024K, 99% used [0x00000000d5f00000,0x00000000d5ffee58,0x00000000d6000000)
 ParOldGen       total 160768K, used 160543K [0x0000000080000000, 0x0000000089d00000, 0x00000000d5580000)
  object space 160768K, 99% used [0x0000000080000000,0x0000000089cc7ff0,0x0000000089d00000)
 Metaspace       used 66143K, committed 67712K, reserved 1114112K
  class space    used 7161K, committed 7808K, reserved 1048576K
GC Heap History (20 events):
Event: 14.324 GC heap after
{Heap after GC invocations=106 (full 3):
 PSYoungGen      total 8704K, used 1570K [0x00000000d5580000, 0x00000000d6000000, 0x0000000100000000)
  eden space 6656K, 0% used [0x00000000d5580000,0x00000000d5580000,0x00000000d5c00000)
  from space 2048K, 76% used [0x00000000d5c00000,0x00000000d5d88b70,0x00000000d5e00000)
  to   space 2048K, 0% used [0x00000000d5e00000,0x00000000d5e00000,0x00000000d6000000)
 ParOldGen       total 148480K, used 148421K [0x0000000080000000, 0x0000000089100000, 0x00000000d5580000)
  object space 148480K, 99% used [0x0000000080000000,0x00000000890f16f8,0x0000000089100000)
 Metaspace       used 65757K, committed 67264K, reserved 1114112K
  class space    used 7126K, committed 7808K, reserved 1048576K
}
Event: 14.343 GC heap before
{Heap before GC invocations=107 (full 3):
 PSYoungGen      total 8704K, used 8226K [0x00000000d5580000, 0x00000000d6000000, 0x0000000100000000)
  eden space 6656K, 100% used [0x00000000d5580000,0x00000000d5c00000,0x00000000d5c00000)
  from space 2048K, 76% used [0x00000000d5c00000,0x00000000d5d88b70,0x00000000d5e00000)
  to   space 2048K, 0% used [0x00000000d5e00000,0x00000000d5e00000,0x00000000d6000000)
 ParOldGen       total 148480K, used 148421K [0x0000000080000000, 0x0000000089100000, 0x00000000d5580000)
  object space 148480K, 99% used [0x0000000080000000,0x00000000890f16f8,0x0000000089100000)
 Metaspace       used 65895K, committed 67456K, reserved 1114112K
  class space    used 7133K, committed 7808K, reserved 1048576K
}
Event: 14.345 GC heap after
{Heap after GC invocations=107 (full 3):
 PSYoungGen      total 8704K, used 1450K [0x00000000d5580000, 0x00000000d6000000, 0x0000000100000000)
  eden space 6656K, 0% used [0x00000000d5580000,0x00000000d5580000,0x00000000d5c00000)
  from space 2048K, 70% used [0x00000000d5e00000,0x00000000d5f6a968,0x00000000d6000000)
  to   space 2048K, 0% used [0x00000000d5c00000,0x00000000d5c00000,0x00000000d5e00000)
 ParOldGen       total 150016K, used 149825K [0x0000000080000000, 0x0000000089280000, 0x00000000d5580000)
  object space 150016K, 99% used [0x0000000080000000,0x00000000892506d8,0x0000000089280000)
 Metaspace       used 65895K, committed 67456K, reserved 1114112K
  class space    used 7133K, committed 7808K, reserved 1048576K
}
Event: 14.366 GC heap before
{Heap before GC invocations=108 (full 3):
 PSYoungGen      total 8704K, used 8106K [0x00000000d5580000, 0x00000000d6000000, 0x0000000100000000)
  eden space 6656K, 100% used [0x00000000d5580000,0x00000000d5c00000,0x00000000d5c00000)
  from space 2048K, 70% used [0x00000000d5e00000,0x00000000d5f6a968,0x00000000d6000000)
  to   space 2048K, 0% used [0x00000000d5c00000,0x00000000d5c00000,0x00000000d5e00000)
 ParOldGen       total 150016K, used 149825K [0x0000000080000000, 0x0000000089280000, 0x00000000d5580000)
  object space 150016K, 99% used [0x0000000080000000,0x00000000892506d8,0x0000000089280000)
 Metaspace       used 66062K, committed 67584K, reserved 1114112K
  class space    used 7145K, committed 7808K, reserved 1048576K
}
Event: 14.368 GC heap after
{Heap after GC invocations=108 (full 3):
 PSYoungGen      total 8704K, used 1629K [0x00000000d5580000, 0x00000000d6000000, 0x0000000100000000)
  eden space 6656K, 0% used [0x00000000d5580000,0x00000000d5580000,0x00000000d5c00000)
  from space 2048K, 79% used [0x00000000d5c00000,0x00000000d5d976a0,0x00000000d5e00000)
  to   space 2048K, 0% used [0x00000000d5e00000,0x00000000d5e00000,0x00000000d6000000)
 ParOldGen       total 151552K, used 151042K [0x0000000080000000, 0x0000000089400000, 0x00000000d5580000)
  object space 151552K, 99% used [0x0000000080000000,0x00000000893809e0,0x0000000089400000)
 Metaspace       used 66062K, committed 67584K, reserved 1114112K
  class space    used 7145K, committed 7808K, reserved 1048576K
}
Event: 14.400 GC heap before
{Heap before GC invocations=109 (full 3):
 PSYoungGen      total 8704K, used 8285K [0x00000000d5580000, 0x00000000d6000000, 0x0000000100000000)
  eden space 6656K, 100% used [0x00000000d5580000,0x00000000d5c00000,0x00000000d5c00000)
  from space 2048K, 79% used [0x00000000d5c00000,0x00000000d5d976a0,0x00000000d5e00000)
  to   space 2048K, 0% used [0x00000000d5e00000,0x00000000d5e00000,0x00000000d6000000)
 ParOldGen       total 151552K, used 151042K [0x0000000080000000, 0x0000000089400000, 0x00000000d5580000)
  object space 151552K, 99% used [0x0000000080000000,0x00000000893809e0,0x0000000089400000)
 Metaspace       used 66131K, committed 67712K, reserved 1114112K
  class space    used 7159K, committed 7808K, reserved 1048576K
}
Event: 14.402 GC heap after
{Heap after GC invocations=109 (full 3):
 PSYoungGen      total 8704K, used 1653K [0x00000000d5580000, 0x00000000d6000000, 0x0000000100000000)
  eden space 6656K, 0% used [0x00000000d5580000,0x00000000d5580000,0x00000000d5c00000)
  from space 2048K, 80% used [0x00000000d5e00000,0x00000000d5f9d4b8,0x00000000d6000000)
  to   space 2048K, 0% used [0x00000000d5c00000,0x00000000d5c00000,0x00000000d5e00000)
 ParOldGen       total 152576K, used 152427K [0x0000000080000000, 0x0000000089500000, 0x00000000d5580000)
  object space 152576K, 99% used [0x0000000080000000,0x00000000894daf88,0x0000000089500000)
 Metaspace       used 66131K, committed 67712K, reserved 1114112K
  class space    used 7159K, committed 7808K, reserved 1048576K
}
Event: 14.431 GC heap before
{Heap before GC invocations=110 (full 3):
 PSYoungGen      total 8704K, used 8309K [0x00000000d5580000, 0x00000000d6000000, 0x0000000100000000)
  eden space 6656K, 100% used [0x00000000d5580000,0x00000000d5c00000,0x00000000d5c00000)
  from space 2048K, 80% used [0x00000000d5e00000,0x00000000d5f9d4b8,0x00000000d6000000)
  to   space 2048K, 0% used [0x00000000d5c00000,0x00000000d5c00000,0x00000000d5e00000)
 ParOldGen       total 152576K, used 152427K [0x0000000080000000, 0x0000000089500000, 0x00000000d5580000)
  object space 152576K, 99% used [0x0000000080000000,0x00000000894daf88,0x0000000089500000)
 Metaspace       used 66140K, committed 67712K, reserved 1114112K
  class space    used 7161K, committed 7808K, reserved 1048576K
}
Event: 14.433 GC heap after
{Heap after GC invocations=110 (full 3):
 PSYoungGen      total 8704K, used 1673K [0x00000000d5580000, 0x00000000d6000000, 0x0000000100000000)
  eden space 6656K, 0% used [0x00000000d5580000,0x00000000d5580000,0x00000000d5c00000)
  from space 2048K, 81% used [0x00000000d5c00000,0x00000000d5da2548,0x00000000d5e00000)
  to   space 2048K, 0% used [0x00000000d5e00000,0x00000000d5e00000,0x00000000d6000000)
 ParOldGen       total 154112K, used 153855K [0x0000000080000000, 0x0000000089680000, 0x00000000d5580000)
  object space 154112K, 99% used [0x0000000080000000,0x000000008963fe38,0x0000000089680000)
 Metaspace       used 66140K, committed 67712K, reserved 1114112K
  class space    used 7161K, committed 7808K, reserved 1048576K
}
Event: 14.461 GC heap before
{Heap before GC invocations=111 (full 3):
 PSYoungGen      total 8704K, used 8329K [0x00000000d5580000, 0x00000000d6000000, 0x0000000100000000)
  eden space 6656K, 100% used [0x00000000d5580000,0x00000000d5c00000,0x00000000d5c00000)
  from space 2048K, 81% used [0x00000000d5c00000,0x00000000d5da2548,0x00000000d5e00000)
  to   space 2048K, 0% used [0x00000000d5e00000,0x00000000d5e00000,0x00000000d6000000)
 ParOldGen       total 154112K, used 153855K [0x0000000080000000, 0x0000000089680000, 0x00000000d5580000)
  object space 154112K, 99% used [0x0000000080000000,0x000000008963fe38,0x0000000089680000)
 Metaspace       used 66140K, committed 67712K, reserved 1114112K
  class space    used 7161K, committed 7808K, reserved 1048576K
}
Event: 14.463 GC heap after
{Heap after GC invocations=111 (full 3):
 PSYoungGen      total 8192K, used 1258K [0x00000000d5580000, 0x00000000d5f80000, 0x0000000100000000)
  eden space 6656K, 0% used [0x00000000d5580000,0x00000000d5580000,0x00000000d5c00000)
  from space 1536K, 81% used [0x00000000d5e00000,0x00000000d5f3a808,0x00000000d5f80000)
  to   space 1536K, 0% used [0x00000000d5c80000,0x00000000d5c80000,0x00000000d5e00000)
 ParOldGen       total 155648K, used 155222K [0x0000000080000000, 0x0000000089800000, 0x00000000d5580000)
  object space 155648K, 99% used [0x0000000080000000,0x0000000089795988,0x0000000089800000)
 Metaspace       used 66140K, committed 67712K, reserved 1114112K
  class space    used 7161K, committed 7808K, reserved 1048576K
}
Event: 14.498 GC heap before
{Heap before GC invocations=112 (full 3):
 PSYoungGen      total 8192K, used 7878K [0x00000000d5580000, 0x00000000d5f80000, 0x0000000100000000)
  eden space 6656K, 99% used [0x00000000d5580000,0x00000000d5bf7348,0x00000000d5c00000)
  from space 1536K, 81% used [0x00000000d5e00000,0x00000000d5f3a808,0x00000000d5f80000)
  to   space 1536K, 0% used [0x00000000d5c80000,0x00000000d5c80000,0x00000000d5e00000)
 ParOldGen       total 155648K, used 155222K [0x0000000080000000, 0x0000000089800000, 0x00000000d5580000)
  object space 155648K, 99% used [0x0000000080000000,0x0000000089795988,0x0000000089800000)
 Metaspace       used 66141K, committed 67712K, reserved 1114112K
  class space    used 7161K, committed 7808K, reserved 1048576K
}
Event: 14.501 GC heap after
{Heap after GC invocations=112 (full 3):
 PSYoungGen      total 8192K, used 1527K [0x00000000d5580000, 0x00000000d6200000, 0x0000000100000000)
  eden space 6656K, 0% used [0x00000000d5580000,0x00000000d5580000,0x00000000d5c00000)
  from space 1536K, 99% used [0x00000000d5c80000,0x00000000d5dfdf90,0x00000000d5e00000)
  to   space 3072K, 0% used [0x00000000d5f00000,0x00000000d5f00000,0x00000000d6200000)
 ParOldGen       total 156672K, used 156272K [0x0000000080000000, 0x0000000089900000, 0x00000000d5580000)
  object space 156672K, 99% used [0x0000000080000000,0x000000008989c3e0,0x0000000089900000)
 Metaspace       used 66141K, committed 67712K, reserved 1114112K
  class space    used 7161K, committed 7808K, reserved 1048576K
}
Event: 14.528 GC heap before
{Heap before GC invocations=113 (full 3):
 PSYoungGen      total 8192K, used 8183K [0x00000000d5580000, 0x00000000d6200000, 0x0000000100000000)
  eden space 6656K, 100% used [0x00000000d5580000,0x00000000d5c00000,0x00000000d5c00000)
  from space 1536K, 99% used [0x00000000d5c80000,0x00000000d5dfdf90,0x00000000d5e00000)
  to   space 3072K, 0% used [0x00000000d5f00000,0x00000000d5f00000,0x00000000d6200000)
 ParOldGen       total 156672K, used 156272K [0x0000000080000000, 0x0000000089900000, 0x00000000d5580000)
  object space 156672K, 99% used [0x0000000080000000,0x000000008989c3e0,0x0000000089900000)
 Metaspace       used 66142K, committed 67712K, reserved 1114112K
  class space    used 7161K, committed 7808K, reserved 1048576K
}
Event: 14.530 GC heap after
{Heap after GC invocations=113 (full 3):
 PSYoungGen      total 8704K, used 1665K [0x00000000d5580000, 0x00000000d6100000, 0x0000000100000000)
  eden space 6656K, 0% used [0x00000000d5580000,0x00000000d5580000,0x00000000d5c00000)
  from space 2048K, 81% used [0x00000000d5f00000,0x00000000d60a0648,0x00000000d6100000)
  to   space 2048K, 0% used [0x00000000d5d00000,0x00000000d5d00000,0x00000000d5f00000)
 ParOldGen       total 158208K, used 157718K [0x0000000080000000, 0x0000000089a80000, 0x00000000d5580000)
  object space 158208K, 99% used [0x0000000080000000,0x0000000089a05a50,0x0000000089a80000)
 Metaspace       used 66142K, committed 67712K, reserved 1114112K
  class space    used 7161K, committed 7808K, reserved 1048576K
}
Event: 14.560 GC heap before
{Heap before GC invocations=114 (full 3):
 PSYoungGen      total 8704K, used 8321K [0x00000000d5580000, 0x00000000d6100000, 0x0000000100000000)
  eden space 6656K, 100% used [0x00000000d5580000,0x00000000d5c00000,0x00000000d5c00000)
  from space 2048K, 81% used [0x00000000d5f00000,0x00000000d60a0648,0x00000000d6100000)
  to   space 2048K, 0% used [0x00000000d5d00000,0x00000000d5d00000,0x00000000d5f00000)
 ParOldGen       total 158208K, used 157718K [0x0000000080000000, 0x0000000089a80000, 0x00000000d5580000)
  object space 158208K, 99% used [0x0000000080000000,0x0000000089a05a50,0x0000000089a80000)
 Metaspace       used 66142K, committed 67712K, reserved 1114112K
  class space    used 7161K, committed 7808K, reserved 1048576K
}
Event: 14.562 GC heap after
{Heap after GC invocations=114 (full 3):
 PSYoungGen      total 8704K, used 1677K [0x00000000d5580000, 0x00000000d6000000, 0x0000000100000000)
  eden space 6656K, 0% used [0x00000000d5580000,0x00000000d5580000,0x00000000d5c00000)
  from space 2048K, 81% used [0x00000000d5d00000,0x00000000d5ea3668,0x00000000d5f00000)
  to   space 1024K, 0% used [0x00000000d5f00000,0x00000000d5f00000,0x00000000d6000000)
 ParOldGen       total 159232K, used 159211K [0x0000000080000000, 0x0000000089b80000, 0x00000000d5580000)
  object space 159232K, 99% used [0x0000000080000000,0x0000000089b7af20,0x0000000089b80000)
 Metaspace       used 66142K, committed 67712K, reserved 1114112K
  class space    used 7161K, committed 7808K, reserved 1048576K
}
Event: 14.597 GC heap before
{Heap before GC invocations=115 (full 3):
 PSYoungGen      total 8704K, used 8333K [0x00000000d5580000, 0x00000000d6000000, 0x0000000100000000)
  eden space 6656K, 100% used [0x00000000d5580000,0x00000000d5c00000,0x00000000d5c00000)
  from space 2048K, 81% used [0x00000000d5d00000,0x00000000d5ea3668,0x00000000d5f00000)
  to   space 1024K, 0% used [0x00000000d5f00000,0x00000000d5f00000,0x00000000d6000000)
 ParOldGen       total 159232K, used 159211K [0x0000000080000000, 0x0000000089b80000, 0x00000000d5580000)
  object space 159232K, 99% used [0x0000000080000000,0x0000000089b7af20,0x0000000089b80000)
 Metaspace       used 66143K, committed 67712K, reserved 1114112K
  class space    used 7161K, committed 7808K, reserved 1048576K
}
Event: 14.600 GC heap after
{Heap after GC invocations=115 (full 3):
 PSYoungGen      total 8704K, used 8333K [0x00000000d5580000, 0x00000000d6000000, 0x0000000100000000)
  eden space 6656K, 100% used [0x00000000d5580000,0x00000000d5c00000,0x00000000d5c00000)
  from space 2048K, 81% used [0x00000000d5d00000,0x00000000d5ea3668,0x00000000d5f00000)
  to   space 1024K, 99% used [0x00000000d5f00000,0x00000000d5ffee58,0x00000000d6000000)
 ParOldGen       total 160768K, used 160543K [0x0000000080000000, 0x0000000089d00000, 0x00000000d5580000)
  object space 160768K, 99% used [0x0000000080000000,0x0000000089cc7ff0,0x0000000089d00000)
 Metaspace       used 66143K, committed 67712K, reserved 1114112K
  class space    used 7161K, committed 7808K, reserved 1048576K
}
Event: 14.600 GC heap before
{Heap before GC invocations=116 (full 4):
 PSYoungGen      total 8704K, used 8333K [0x00000000d5580000, 0x00000000d6000000, 0x0000000100000000)
  eden space 6656K, 100% used [0x00000000d5580000,0x00000000d5c00000,0x00000000d5c00000)
  from space 2048K, 81% used [0x00000000d5d00000,0x00000000d5ea3668,0x00000000d5f00000)
  to   space 1024K, 99% used [0x00000000d5f00000,0x00000000d5ffee58,0x00000000d6000000)
 ParOldGen       total 160768K, used 160543K [0x0000000080000000, 0x0000000089d00000, 0x00000000d5580000)
  object space 160768K, 99% used [0x0000000080000000,0x0000000089cc7ff0,0x0000000089d00000)
 Metaspace       used 66143K, committed 67712K, reserved 1114112K
  class space    used 7161K, committed 7808K, reserved 1048576K
}

